<?xml version="1.0" encoding="UTF-8"?>
<testsuite xmlns:xsi="http://www.w3.org/2001/XMLSchema-instance" xsi:noNamespaceSchemaLocation="https://maven.apache.org/surefire/maven-surefire-plugin/xsd/surefire-test-report-3.0.xsd" version="3.0" name="edu.westga.shoppinglist.ShoppingListControllerTest" time="16.177" tests="8" errors="0" skipped="0" failures="0">
  <properties>
    <property name="java.specification.version" value="21"/>
    <property name="javafx.runtime.version" value="21+31"/>
    <property name="sun.cpu.isalist" value="amd64"/>
    <property name="sun.jnu.encoding" value="Cp1252"/>
    <property name="sun.awt.enableExtraMouseButtons" value="true"/>
    <property name="java.class.path" value="C:\Users\Kaiden Thrailkill\Desktop\DevOpsAssignments\shopping-list\target\test-classes;C:\Users\Kaiden Thrailkill\Desktop\DevOpsAssignments\shopping-list\target\classes;C:\Users\Kaiden Thrailkill\.m2\repository\org\openjfx\javafx-controls\21\javafx-controls-21.jar;C:\Users\Kaiden Thrailkill\.m2\repository\org\openjfx\javafx-controls\21\javafx-controls-21-win.jar;C:\Users\Kaiden Thrailkill\.m2\repository\org\openjfx\javafx-graphics\21\javafx-graphics-21.jar;C:\Users\Kaiden Thrailkill\.m2\repository\org\openjfx\javafx-graphics\21\javafx-graphics-21-win.jar;C:\Users\Kaiden Thrailkill\.m2\repository\org\openjfx\javafx-base\21\javafx-base-21.jar;C:\Users\Kaiden Thrailkill\.m2\repository\org\openjfx\javafx-base\21\javafx-base-21-win.jar;C:\Users\Kaiden Thrailkill\.m2\repository\org\openjfx\javafx-fxml\21\javafx-fxml-21.jar;C:\Users\Kaiden Thrailkill\.m2\repository\org\openjfx\javafx-fxml\21\javafx-fxml-21-win.jar;C:\Users\Kaiden Thrailkill\.m2\repository\org\openjfx\javafx-swing\21\javafx-swing-21.jar;C:\Users\Kaiden Thrailkill\.m2\repository\org\openjfx\javafx-swing\21\javafx-swing-21-win.jar;C:\Users\Kaiden Thrailkill\.m2\repository\org\junit\jupiter\junit-jupiter-api\5.5.1\junit-jupiter-api-5.5.1.jar;C:\Users\Kaiden Thrailkill\.m2\repository\org\apiguardian\apiguardian-api\1.1.0\apiguardian-api-1.1.0.jar;C:\Users\Kaiden Thrailkill\.m2\repository\org\opentest4j\opentest4j\1.2.0\opentest4j-1.2.0.jar;C:\Users\Kaiden Thrailkill\.m2\repository\org\junit\platform\junit-platform-commons\1.5.1\junit-platform-commons-1.5.1.jar;C:\Users\Kaiden Thrailkill\.m2\repository\org\junit\jupiter\junit-jupiter-engine\5.5.1\junit-jupiter-engine-5.5.1.jar;C:\Users\Kaiden Thrailkill\.m2\repository\org\junit\platform\junit-platform-engine\1.5.1\junit-platform-engine-1.5.1.jar;C:\Users\Kaiden Thrailkill\.m2\repository\org\testfx\testfx-core\4.0.16-alpha\testfx-core-4.0.16-alpha.jar;C:\Users\Kaiden Thrailkill\.m2\repository\org\hamcrest\hamcrest-core\1.3\hamcrest-core-1.3.jar;C:\Users\Kaiden Thrailkill\.m2\repository\org\assertj\assertj-core\3.13.2\assertj-core-3.13.2.jar;C:\Users\Kaiden Thrailkill\.m2\repository\org\testfx\testfx-junit5\4.0.16-alpha\testfx-junit5-4.0.16-alpha.jar;"/>
    <property name="java.vm.vendor" value="Oracle Corporation"/>
    <property name="sun.arch.data.model" value="64"/>
    <property name="user.variant" value=""/>
    <property name="java.vendor.url" value="https://java.oracle.com/"/>
    <property name="user.timezone" value="America/New_York"/>
    <property name="javafx.version" value="21"/>
    <property name="os.name" value="Windows 11"/>
    <property name="java.vm.specification.version" value="21"/>
    <property name="sun.java.launcher" value="SUN_STANDARD"/>
    <property name="user.country" value="US"/>
    <property name="sun.boot.library.path" value="C:\Program Files\Java\jdk-21\bin"/>
    <property name="sun.java.command" value="C:\Users\Kaiden Thrailkill\AppData\Local\Temp\surefire810178549969185772\surefirebooter-20240411111538135_3.jar C:\Users\Kaiden Thrailkill\AppData\Local\Temp\surefire810178549969185772 2024-04-11T11-15-37_972-jvmRun1 surefire-20240411111538135_1tmp surefire_0-20240411111538135_2tmp"/>
    <property name="jdk.debug" value="release"/>
    <property name="surefire.test.class.path" value="C:\Users\Kaiden Thrailkill\Desktop\DevOpsAssignments\shopping-list\target\test-classes;C:\Users\Kaiden Thrailkill\Desktop\DevOpsAssignments\shopping-list\target\classes;C:\Users\Kaiden Thrailkill\.m2\repository\org\openjfx\javafx-controls\21\javafx-controls-21.jar;C:\Users\Kaiden Thrailkill\.m2\repository\org\openjfx\javafx-controls\21\javafx-controls-21-win.jar;C:\Users\Kaiden Thrailkill\.m2\repository\org\openjfx\javafx-graphics\21\javafx-graphics-21.jar;C:\Users\Kaiden Thrailkill\.m2\repository\org\openjfx\javafx-graphics\21\javafx-graphics-21-win.jar;C:\Users\Kaiden Thrailkill\.m2\repository\org\openjfx\javafx-base\21\javafx-base-21.jar;C:\Users\Kaiden Thrailkill\.m2\repository\org\openjfx\javafx-base\21\javafx-base-21-win.jar;C:\Users\Kaiden Thrailkill\.m2\repository\org\openjfx\javafx-fxml\21\javafx-fxml-21.jar;C:\Users\Kaiden Thrailkill\.m2\repository\org\openjfx\javafx-fxml\21\javafx-fxml-21-win.jar;C:\Users\Kaiden Thrailkill\.m2\repository\org\openjfx\javafx-swing\21\javafx-swing-21.jar;C:\Users\Kaiden Thrailkill\.m2\repository\org\openjfx\javafx-swing\21\javafx-swing-21-win.jar;C:\Users\Kaiden Thrailkill\.m2\repository\org\junit\jupiter\junit-jupiter-api\5.5.1\junit-jupiter-api-5.5.1.jar;C:\Users\Kaiden Thrailkill\.m2\repository\org\apiguardian\apiguardian-api\1.1.0\apiguardian-api-1.1.0.jar;C:\Users\Kaiden Thrailkill\.m2\repository\org\opentest4j\opentest4j\1.2.0\opentest4j-1.2.0.jar;C:\Users\Kaiden Thrailkill\.m2\repository\org\junit\platform\junit-platform-commons\1.5.1\junit-platform-commons-1.5.1.jar;C:\Users\Kaiden Thrailkill\.m2\repository\org\junit\jupiter\junit-jupiter-engine\5.5.1\junit-jupiter-engine-5.5.1.jar;C:\Users\Kaiden Thrailkill\.m2\repository\org\junit\platform\junit-platform-engine\1.5.1\junit-platform-engine-1.5.1.jar;C:\Users\Kaiden Thrailkill\.m2\repository\org\testfx\testfx-core\4.0.16-alpha\testfx-core-4.0.16-alpha.jar;C:\Users\Kaiden Thrailkill\.m2\repository\org\hamcrest\hamcrest-core\1.3\hamcrest-core-1.3.jar;C:\Users\Kaiden Thrailkill\.m2\repository\org\assertj\assertj-core\3.13.2\assertj-core-3.13.2.jar;C:\Users\Kaiden Thrailkill\.m2\repository\org\testfx\testfx-junit5\4.0.16-alpha\testfx-junit5-4.0.16-alpha.jar;"/>
    <property name="sun.cpu.endian" value="little"/>
    <property name="user.home" value="C:\Users\Kaiden Thrailkill"/>
    <property name="user.language" value="en"/>
    <property name="java.specification.vendor" value="Oracle Corporation"/>
    <property name="java.version.date" value="2024-01-16"/>
    <property name="java.home" value="C:\Program Files\Java\jdk-21"/>
    <property name="file.separator" value="\"/>
    <property name="basedir" value="C:\Users\Kaiden Thrailkill\Desktop\DevOpsAssignments\shopping-list"/>
    <property name="java.vm.compressedOopsMode" value="Zero based"/>
    <property name="line.separator" value="&#10;"/>
    <property name="java.vm.specification.vendor" value="Oracle Corporation"/>
    <property name="java.specification.name" value="Java Platform API Specification"/>
    <property name="surefire.real.class.path" value="C:\Users\Kaiden Thrailkill\AppData\Local\Temp\surefire810178549969185772\surefirebooter-20240411111538135_3.jar"/>
    <property name="user.script" value=""/>
    <property name="sun.management.compiler" value="HotSpot 64-Bit Tiered Compilers"/>
    <property name="java.runtime.version" value="21.0.2+13-LTS-58"/>
    <property name="user.name" value="Kaiden Thrailkill"/>
    <property name="stdout.encoding" value="Cp1252"/>
    <property name="path.separator" value=";"/>
    <property name="os.version" value="10.0"/>
    <property name="java.runtime.name" value="Java(TM) SE Runtime Environment"/>
    <property name="file.encoding" value="UTF-8"/>
    <property name="java.vm.name" value="Java HotSpot(TM) 64-Bit Server VM"/>
    <property name="localRepository" value="C:\Users\Kaiden Thrailkill\.m2\repository"/>
    <property name="java.vendor.url.bug" value="https://bugreport.java.com/bugreport/"/>
    <property name="java.io.tmpdir" value="C:\Users\KAIDEN~1\AppData\Local\Temp\"/>
    <property name="java.version" value="21.0.2"/>
    <property name="user.dir" value="C:\Users\Kaiden Thrailkill\Desktop\DevOpsAssignments\shopping-list"/>
    <property name="os.arch" value="amd64"/>
    <property name="java.vm.specification.name" value="Java Virtual Machine Specification"/>
    <property name="sun.os.patch.level" value=""/>
    <property name="native.encoding" value="Cp1252"/>
    <property name="java.library.path" value="C:\Program Files\Java\jdk-21\bin;C:\WINDOWS\Sun\Java\bin;C:\WINDOWS\system32;C:\WINDOWS;C:\Program Files\Common Files\Oracle\Java\javapath;C:\Python312\Scripts\;C:\Python312\;C:\Program Files\NVIDIA GPU Computing Toolkit\CUDA\v11.8\bin;C:\Program Files\NVIDIA GPU Computing Toolkit\CUDA\v11.8\libnvvp;C:\Program Files (x86)\Common Files\Oracle\Java\javapath;C:\Python39\;C:\Program Files (x86)\Microsoft Visual Studio\Shared\Python37_64\Scripts\;C:\Program Files (x86)\Microsoft Visual Studio\Shared\Python37_64\;C:\windows\system32;C:\windows;C:\windows\System32\Wbem;C:\windows\System32\WindowsPowerShell\v1.0\;C:\windows\System32\OpenSSH\;C:\Program Files (x86)\NVIDIA Corporation\PhysX\Common;C:\Program Files\NVIDIA Corporation\NVIDIA NvDLISR;C:\Program Files\dotnet\;C:\WINDOWS\system32;C:\WINDOWS;C:\WINDOWS\System32\Wbem;C:\WINDOWS\System32\WindowsPowerShell\v1.0\;C:\WINDOWS\System32\OpenSSH\;C:\Program Files\Java\jdk-13\bin;C:\Program Files (x86)\PuTTY\;C:\ProgramData\chocolatey\bin;C:\Program Files (x86)\dotnet\;C:\Program Files\Git\cmd;C:\Program Files\Microsoft SQL Server\130\Tools\Binn\;C:\Program Files\Docker\Docker\resources\bin;C:\ProgramData\DockerDesktop\version-bin;C:\WINDOWS\system32;C:\WINDOWS;C:\WINDOWS\System32\Wbem;C:\WINDOWS\System32\WindowsPowerShell\v1.0\;C:\WINDOWS\System32\OpenSSH\;C:\Program Files\Vim\vim90\vim.exe;C:\Program Files\NVIDIA Corporation\Nsight Compute 2022.3.0\;%NVM_HOME%;%NVM_SYMLINK%;C:\Program Files\Git LFS;C:\Program Files (x86)\Microsoft SQL Server\160\DTS\Binn\;C:\Users\Kaiden Thrailkill\AppData\Local\Programs\Python\Python310\Scripts\;C:\Users\Kaiden Thrailkill\AppData\Local\Programs\Python\Python310\;C:\Users\Kaiden Thrailkill\AppData\Roaming\daml\bin;C:\Users\Kaiden Thrailkill\AppData\Local\Microsoft\WindowsApps;C:\Program Files\JetBrains\PyCharm Community Edition 2019.1.3\bin;C:\Program Files (x86)\Nmap;C:\Users\Kaiden Thrailkill\spicetify-cli;C:\Users\Kaiden Thrailkill\AppData\Local\Microsoft\WindowsApps;C:\Users\Kaiden Thrailkill\Desktop\apache-maven-3.9.6\bin;C:\Program Files\Java\jdk-21;C:\Program Files (x86)\Microsoft Visual Studio\2019\Community\Common7\IDE;C:\Users\Kaiden Thrailkill\AppData\Local\Programs\Microsoft VS Code\bin;D:\Kaiden Thrailkill\COMPUTERSHIT\Flutter\flutter\bin;C:\Program Files\Vim\vim90\;C:\Program Files\NVIDIA GPU Computing Toolkit\CUDA\v11.8\lib;C:\Program Files\NVIDIA GPU Computing Toolkit\CUDA\v11.8\libnvvp;C:\Program Files\NVIDIA GPU Computing Toolkit\CUDA\v11.8\bin;C:\Users\Kaiden Thrailkill\AppData\Roaming\npm;C:\Users\Kaiden Thrailkill\AppData\Roaming\nvm;C:\Program Files\nodejs;."/>
    <property name="java.vm.info" value="mixed mode, sharing"/>
    <property name="stderr.encoding" value="Cp1252"/>
    <property name="java.vendor" value="Oracle Corporation"/>
    <property name="java.vm.version" value="21.0.2+13-LTS-58"/>
    <property name="sun.io.unicode.encoding" value="UnicodeLittle"/>
    <property name="java.class.version" value="65.0"/>
  </properties>
  <testcase name="testGetItemName" classname="edu.westga.shoppinglist.ShoppingListControllerTest" time="1.719">
    <system-err><![CDATA[Apr 11, 2024 11:15:39 AM com.sun.javafx.application.PlatformImpl startup
WARNING: Unsupported JavaFX configuration: classes were loaded from 'unnamed module @17c386de'
]]></system-err>
  </testcase>
  <testcase name="testUpdateItemQuantityWithoutItemSelected" classname="edu.westga.shoppinglist.ShoppingListControllerTest" time="1.512"/>
  <testcase name="testAddItemToListWithEmptyName" classname="edu.westga.shoppinglist.ShoppingListControllerTest" time="1.118"/>
  <testcase name="testRemoveItemFromListWithItemSelected" classname="edu.westga.shoppinglist.ShoppingListControllerTest" time="2.644"/>
  <testcase name="testRemoveItemFromListWithoutItemSelected" classname="edu.westga.shoppinglist.ShoppingListControllerTest" time="0.54"/>
  <testcase name="testUpdateItemQuantityWithItemSelected" classname="edu.westga.shoppinglist.ShoppingListControllerTest" time="3.208"/>
  <testcase name="testAddItemToListWithNonEmptyName" classname="edu.westga.shoppinglist.ShoppingListControllerTest" time="1.419"/>
  <testcase name="testUpdateItemQuantityWithInvalidQuantity" classname="edu.westga.shoppinglist.ShoppingListControllerTest" time="3.164"/>
</testsuite>